mobile-app/android/app/build/intermediates/manifest_merge_blame_file/adminRelease/manifest-merger-blame-admin-release-report.txt
1<?xml version="1.0" encoding="utf-8"?>
2<manifest xmlns:android="http://schemas.android.com/apk/res/android"
3    package="com.securefinance.emilock.admin"
4    android:versionCode="1"
5    android:versionName="1.0" >
6
7    <uses-sdk
8        android:minSdkVersion="21"
9        android:targetSdkVersion="34" />
10
11    <uses-permission android:name="android.permission.INTERNET" />
11-->src/main/AndroidManifest.xml:5:5-67
11-->src/main/AndroidManifest.xml:5:22-64
12    <uses-permission android:name="android.permission.ACCESS_FINE_LOCATION" />
12-->src/main/AndroidManifest.xml:6:5-79
12-->src/main/AndroidManifest.xml:6:22-76
13    <uses-permission android:name="android.permission.ACCESS_COARSE_LOCATION" />
13-->src/main/AndroidManifest.xml:7:5-81
13-->src/main/AndroidManifest.xml:7:22-78
14    <uses-permission android:name="android.permission.CAMERA" />
14-->src/main/AndroidManifest.xml:8:5-65
14-->src/main/AndroidManifest.xml:8:22-62
15    <uses-permission android:name="android.permission.READ_PHONE_STATE" />
15-->src/main/AndroidManifest.xml:9:5-75
15-->src/main/AndroidManifest.xml:9:22-72
16    <uses-permission android:name="android.permission.READ_SMS" />
16-->src/main/AndroidManifest.xml:10:5-67
16-->src/main/AndroidManifest.xml:10:22-64
17    <uses-permission android:name="android.permission.RECEIVE_SMS" />
17-->src/main/AndroidManifest.xml:11:5-70
17-->src/main/AndroidManifest.xml:11:22-67
18    <uses-permission android:name="android.permission.POST_NOTIFICATIONS" />
18-->src/main/AndroidManifest.xml:12:5-77
18-->src/main/AndroidManifest.xml:12:22-74
19
20    <!-- Critical for Lock Screen Control -->
21    <uses-permission android:name="android.permission.SYSTEM_ALERT_WINDOW" />
21-->src/main/AndroidManifest.xml:15:5-78
21-->src/main/AndroidManifest.xml:15:22-75
22    <uses-permission android:name="android.permission.FOREGROUND_SERVICE" />
22-->src/main/AndroidManifest.xml:16:5-77
22-->src/main/AndroidManifest.xml:16:22-74
23    <uses-permission android:name="android.permission.WAKE_LOCK" />
23-->src/main/AndroidManifest.xml:17:5-68
23-->src/main/AndroidManifest.xml:17:22-65
24    <uses-permission android:name="android.permission.RECEIVE_BOOT_COMPLETED" />
24-->src/main/AndroidManifest.xml:18:5-81
24-->src/main/AndroidManifest.xml:18:22-78
25    <uses-permission android:name="android.permission.DISABLE_KEYGUARD" />
25-->src/main/AndroidManifest.xml:19:5-75
25-->src/main/AndroidManifest.xml:19:22-72
26
27    <!-- Device Admin Permission -->
28    <uses-permission android:name="android.permission.BIND_DEVICE_ADMIN" />
28-->src/main/AndroidManifest.xml:22:5-76
28-->src/main/AndroidManifest.xml:22:22-73
29
30    <permission
30-->[androidx.core:core:1.12.0] AndroidManifest.xml:22:5-24:47
31        android:name="com.securefinance.emilock.admin.DYNAMIC_RECEIVER_NOT_EXPORTED_PERMISSION"
31-->[androidx.core:core:1.12.0] AndroidManifest.xml:23:9-81
32        android:protectionLevel="signature" />
32-->[androidx.core:core:1.12.0] AndroidManifest.xml:24:9-44
33
34    <uses-permission android:name="com.securefinance.emilock.admin.DYNAMIC_RECEIVER_NOT_EXPORTED_PERMISSION" />
34-->[androidx.core:core:1.12.0] AndroidManifest.xml:26:5-97
34-->[androidx.core:core:1.12.0] AndroidManifest.xml:26:22-94
35
36    <application
36-->src/main/AndroidManifest.xml:24:5-77:19
37        android:name="com.securefinance.emilock.MainApplication"
37-->src/main/AndroidManifest.xml:25:9-40
38        android:allowBackup="false"
38-->src/main/AndroidManifest.xml:29:9-36
39        android:appComponentFactory="androidx.core.app.CoreComponentFactory"
39-->[androidx.core:core:1.12.0] AndroidManifest.xml:28:18-86
40        android:extractNativeLibs="true"
41        android:icon="@mipmap/ic_launcher"
41-->src/main/AndroidManifest.xml:27:9-43
42        android:label="SecureFinance EMI"
42-->src/main/AndroidManifest.xml:26:9-42
43        android:theme="@style/AppTheme" >
43-->src/main/AndroidManifest.xml:28:9-40
44        <activity
44-->src/main/AndroidManifest.xml:31:9-42:20
45            android:name="com.securefinance.emilock.MainActivity"
45-->src/main/AndroidManifest.xml:32:13-41
46            android:configChanges="keyboard|keyboardHidden|orientation|screenSize|uiMode"
46-->src/main/AndroidManifest.xml:34:13-90
47            android:exported="true"
47-->src/main/AndroidManifest.xml:37:13-36
48            android:label="SecureFinance EMI"
48-->src/main/AndroidManifest.xml:33:13-46
49            android:launchMode="singleTask"
49-->src/main/AndroidManifest.xml:35:13-44
50            android:windowSoftInputMode="adjustResize" >
50-->src/main/AndroidManifest.xml:36:13-55
51            <intent-filter>
51-->src/main/AndroidManifest.xml:38:13-41:29
52                <action android:name="android.intent.action.MAIN" />
52-->src/main/AndroidManifest.xml:39:17-69
52-->src/main/AndroidManifest.xml:39:25-66
53
54                <category android:name="android.intent.category.LAUNCHER" />
54-->src/main/AndroidManifest.xml:40:17-77
54-->src/main/AndroidManifest.xml:40:27-74
55            </intent-filter>
56        </activity>
57
58        <!-- Device Admin Receiver -->
59        <receiver
59-->src/main/AndroidManifest.xml:45:9-58:20
60            android:name="com.securefinance.emilock.DeviceAdminReceiver"
60-->src/main/AndroidManifest.xml:46:13-48
61            android:description="@string/device_admin_description"
61-->src/main/AndroidManifest.xml:48:13-67
62            android:exported="true"
62-->src/main/AndroidManifest.xml:50:13-36
63            android:label="SecureFinance Device Admin"
63-->src/main/AndroidManifest.xml:47:13-55
64            android:permission="android.permission.BIND_DEVICE_ADMIN" >
64-->src/main/AndroidManifest.xml:49:13-70
65            <meta-data
65-->src/main/AndroidManifest.xml:51:13-53:56
66                android:name="android.app.device_admin"
66-->src/main/AndroidManifest.xml:52:17-56
67                android:resource="@xml/device_admin" />
67-->src/main/AndroidManifest.xml:53:17-53
68
69            <intent-filter>
69-->src/main/AndroidManifest.xml:54:13-57:29
70                <action android:name="android.app.action.DEVICE_ADMIN_ENABLED" />
70-->src/main/AndroidManifest.xml:55:17-82
70-->src/main/AndroidManifest.xml:55:25-79
71                <action android:name="android.app.action.DEVICE_ADMIN_DISABLED" />
71-->src/main/AndroidManifest.xml:56:17-83
71-->src/main/AndroidManifest.xml:56:25-80
72            </intent-filter>
73        </receiver>
74
75        <!-- Boot Receiver for persistence -->
76        <receiver
76-->src/main/AndroidManifest.xml:61:9-68:20
77            android:name="com.securefinance.emilock.BootReceiver"
77-->src/main/AndroidManifest.xml:62:13-41
78            android:enabled="true"
78-->src/main/AndroidManifest.xml:63:13-35
79            android:exported="false" >
79-->src/main/AndroidManifest.xml:64:13-37
80            <intent-filter>
80-->src/main/AndroidManifest.xml:65:13-67:29
81                <action android:name="android.intent.action.BOOT_COMPLETED" />
81-->src/main/AndroidManifest.xml:66:17-79
81-->src/main/AndroidManifest.xml:66:25-76
82            </intent-filter>
83        </receiver>
84
85        <!-- Lock Screen Service -->
86        <service
86-->src/main/AndroidManifest.xml:71:9-75:62
87            android:name="com.securefinance.emilock.LockScreenService"
87-->src/main/AndroidManifest.xml:72:13-46
88            android:enabled="true"
88-->src/main/AndroidManifest.xml:73:13-35
89            android:exported="false"
89-->src/main/AndroidManifest.xml:74:13-37
90            android:foregroundServiceType="systemExempted" />
90-->src/main/AndroidManifest.xml:75:13-59
91
92        <provider
92-->[androidx.emoji2:emoji2:1.2.0] AndroidManifest.xml:24:9-32:20
93            android:name="androidx.startup.InitializationProvider"
93-->[androidx.emoji2:emoji2:1.2.0] AndroidManifest.xml:25:13-67
94            android:authorities="com.securefinance.emilock.admin.androidx-startup"
94-->[androidx.emoji2:emoji2:1.2.0] AndroidManifest.xml:26:13-68
95            android:exported="false" >
95-->[androidx.emoji2:emoji2:1.2.0] AndroidManifest.xml:27:13-37
96            <meta-data
96-->[androidx.emoji2:emoji2:1.2.0] AndroidManifest.xml:29:13-31:52
97                android:name="androidx.emoji2.text.EmojiCompatInitializer"
97-->[androidx.emoji2:emoji2:1.2.0] AndroidManifest.xml:30:17-75
98                android:value="androidx.startup" />
98-->[androidx.emoji2:emoji2:1.2.0] AndroidManifest.xml:31:17-49
99            <meta-data
99-->[androidx.lifecycle:lifecycle-process:2.4.1] AndroidManifest.xml:31:13-33:52
100                android:name="androidx.lifecycle.ProcessLifecycleInitializer"
100-->[androidx.lifecycle:lifecycle-process:2.4.1] AndroidManifest.xml:32:17-78
101                android:value="androidx.startup" />
101-->[androidx.lifecycle:lifecycle-process:2.4.1] AndroidManifest.xml:33:17-49
102        </provider>
103
104        <meta-data
104-->[com.facebook.soloader:soloader:0.10.5] AndroidManifest.xml:12:9-14:37
105            android:name="com.facebook.soloader.enabled"
105-->[com.facebook.soloader:soloader:0.10.5] AndroidManifest.xml:13:13-57
106            android:value="false" />
106-->[com.facebook.soloader:soloader:0.10.5] AndroidManifest.xml:14:13-34
107    </application>
108
109</manifest>